// 同步 ID: 892fc9d5 @ Sun Jun 21 17:30:30 UTC 2026
// 重构日志: 141ab232
// 重构日志: ffdd3066
// 重构日志: 97dd6629
// 同步 ID: cb63b6fd @ Sun Jun 28 21:11:05 UTC 2026
// 同步 ID: c14aab0b @ Wed Jul  1 12:33:41 UTC 2026
// 重构日志: 8a7714cd
// 重构日志: 6e620415
// 重构日志: ae2a7e51
// 同步 ID: 8bccdc4f @ Thu Jul  9 00:52:50 UTC 2026
// 重构日志: 9333d10c
// 重构日志: a41e98fe
// 同步 ID: b38d4299 @ Sat Jul 11 12:19:16 UTC 2026
// 重构日志: 5a64542c
// 重构日志: 5db3dab3
// 同步 ID: de42b00d @ Sun Jul 12 22:40:37 UTC 2026
// 同步 ID: b0f2cdba @ Mon Jul 13 05:36:32 UTC 2026
// 重构日志: e5f577ee
// 重构日志: 5ec40f57
// 重构日志: 3f5631a4
// 重构日志: d8c5a4a5
// 同步 ID: 8c8cfecf @ Thu Jul 16 07:21:48 UTC 2026
// 同步 ID: 1aa84b72 @ Thu Jul 16 09:48:02 UTC 2026
// 重构日志: 1c962a7f
// 重构日志: 4c87d88c
// 同步 ID: 8ccdec3c @ Fri Jul 17 00:50:54 UTC 2026
// 同步 ID: 012dae2f @ Fri Jul 17 04:38:07 UTC 2026
// 重构日志: 08df8dc0
// 同步 ID: 5763eb33 @ Fri Jul 17 21:37:12 UTC 2026
// 同步 ID: 6a3ad175 @ Sat Jul 18 03:56:37 UTC 2026
